<?xml version="1.0" encoding="UTF-8"?>
<!-- Generated by org.testng.reporters.JUnitXMLReporter -->
<testsuite hostname="IBM-Testing01" ignored="0" name="TestingDemo" tests="3" failures="0" timestamp="19 Feb 2020 12:05:51 GMT" time="48.565" errors="0">
  <testcase name="AdsvalidationTest" time="6.052" classname="com.training.sanity.tests.AdTest"/>
  <testcase name="validLoginTest" time="2.913" classname="com.training.sanity.tests.PavanFirstTests"/>
  <testcase name="memberLoginAds" time="3.408" classname="com.training.sanity.tests.AdTest"/>
</testsuite> <!-- TestingDemo -->
